Flow report for snakeplus
Tue Apr 16 14:22:04 2013
Quartus II 32-bit Version 12.1 Build 177 11/07/2012 SJ Full Version


---------------------
; Table of Contents ;
---------------------
  1. Legal Notice
  2. Flow Summary
  3. Flow Settings
  4. Flow Non-Default Global Settings
  5. Flow Elapsed Time
  6. Flow OS Summary
  7. Flow Log



----------------
; Legal Notice ;
----------------
Copyright (C) 1991-2012 Altera Corporation
Your use of Altera Corporation's design tools, logic functions 
and other software and tools, and its AMPP partner logic 
functions, and any output files from any of the foregoing 
(including device programming or simulation files), and any 
associated documentation or information are expressly subject 
to the terms and conditions of the Altera Program License 
Subscription Agreement, Altera MegaCore Function License 
Agreement, or other applicable license agreement, including, 
without limitation, that your use is for the sole purpose of 
programming logic devices manufactured by Altera and sold by 
Altera or its authorized distributors.  Please refer to the 
applicable agreement for further details.



+--------------------------------------------------------------------------------+
; Flow Summary                                                                   ;
+------------------------------------+-------------------------------------------+
; Flow Status                        ; Successful - Tue Apr 16 14:22:04 2013     ;
; Quartus II 32-bit Version          ; 12.1 Build 177 11/07/2012 SJ Full Version ;
; Revision Name                      ; snakeplus                                 ;
; Top-level Entity Name              ; snakeplus                                 ;
; Family                             ; Cyclone II                                ;
; Device                             ; EP2C35F672C6                              ;
; Timing Models                      ; Final                                     ;
; Total logic elements               ; 13,713 / 33,216 ( 41 % )                  ;
;     Total combinational functions  ; 10,158 / 33,216 ( 31 % )                  ;
;     Dedicated logic registers      ; 8,594 / 33,216 ( 26 % )                   ;
; Total registers                    ; 8659                                      ;
; Total pins                         ; 113 / 475 ( 24 % )                        ;
; Total virtual pins                 ; 0                                         ;
; Total memory bits                  ; 11,264 / 483,840 ( 2 % )                  ;
; Embedded Multiplier 9-bit elements ; 0 / 70 ( 0 % )                            ;
; Total PLLs                         ; 0 / 4 ( 0 % )                             ;
+------------------------------------+-------------------------------------------+


+-----------------------------------------+
; Flow Settings                           ;
+-------------------+---------------------+
; Option            ; Setting             ;
+-------------------+---------------------+
; Start date & time ; 04/16/2013 14:14:48 ;
; Main task         ; Compilation         ;
; Revision Name     ; snakeplus           ;
+-------------------+---------------------+


+-----------------------------------------------------------------------------------------------------------------------------+
; Flow Non-Default Global Settings                                                                                            ;
+-------------------------------------+---------------------------------------+---------------+--------------+----------------+
; Assignment Name                     ; Value                                 ; Default Value ; Entity Name  ; Section Id     ;
+-------------------------------------+---------------------------------------+---------------+--------------+----------------+
; COMPILER_SIGNATURE_ID               ; 246917495094638.136613608819103       ; --            ; --           ; --             ;
; EDA_OUTPUT_DATA_FORMAT              ; Vhdl                                  ; --            ; --           ; eda_simulation ;
; EDA_SIMULATION_TOOL                 ; ModelSim-Altera (VHDL)                ; <None>        ; --           ; --             ;
; IP_TOOL_ENV                         ; sopc                                  ; --            ; snake_system ; --             ;
; IP_TOOL_NAME                        ; sopc                                  ; --            ; snake_system ; --             ;
; IP_TOOL_VERSION                     ; 12.1                                  ; --            ; snake_system ; --             ;
; MAX_CORE_JUNCTION_TEMP              ; 85                                    ; --            ; --           ; --             ;
; MIN_CORE_JUNCTION_TEMP              ; 0                                     ; --            ; --           ; --             ;
; PARTITION_COLOR                     ; 2147039                               ; --            ; --           ; Top            ;
; PARTITION_FITTER_PRESERVATION_LEVEL ; PLACEMENT_AND_ROUTING                 ; --            ; --           ; Top            ;
; PARTITION_NETLIST_TYPE              ; SOURCE                                ; --            ; --           ; Top            ;
; POWER_BOARD_THERMAL_MODEL           ; None (CONSERVATIVE)                   ; --            ; --           ; --             ;
; POWER_PRESET_COOLING_SOLUTION       ; 23 MM HEAT SINK WITH 200 LFPM AIRFLOW ; --            ; --           ; --             ;
; PROJECT_OUTPUT_DIRECTORY            ; output_files                          ; --            ; --           ; --             ;
; SOPC_BUILDER_SIGNATURE_ID           ; Bc305be679520000013e14038f9c          ; --            ; --           ; --             ;
+-------------------------------------+---------------------------------------+---------------+--------------+----------------+


+-------------------------------------------------------------------------------------------------------------------------------+
; Flow Elapsed Time                                                                                                             ;
+---------------------------+--------------+-------------------------+---------------------+------------------------------------+
; Module Name               ; Elapsed Time ; Average Processors Used ; Peak Virtual Memory ; Total CPU Time (on all processors) ;
+---------------------------+--------------+-------------------------+---------------------+------------------------------------+
; Analysis & Synthesis      ; 00:03:46     ; 1.0                     ; 1071 MB             ; 00:03:39                           ;
; Fitter                    ; 00:01:50     ; 1.4                     ; 597 MB              ; 00:02:08                           ;
; Assembler                 ; 00:00:16     ; 1.0                     ; 351 MB              ; 00:00:07                           ;
; TimeQuest Timing Analyzer ; 00:00:12     ; 1.0                     ; 427 MB              ; 00:00:09                           ;
; EDA Netlist Writer        ; 00:00:22     ; 1.0                     ; 394 MB              ; 00:00:16                           ;
; Total                     ; 00:06:26     ; --                      ; --                  ; 00:06:19                           ;
+---------------------------+--------------+-------------------------+---------------------+------------------------------------+


+--------------------------------------------------------------------------------------+
; Flow OS Summary                                                                      ;
+---------------------------+------------------+---------+------------+----------------+
; Module Name               ; Machine Hostname ; OS Name ; OS Version ; Processor type ;
+---------------------------+------------------+---------+------------+----------------+
; Analysis & Synthesis      ; micro11          ; Red Hat ; 5          ; x86_64         ;
; Fitter                    ; micro11          ; Red Hat ; 5          ; x86_64         ;
; Assembler                 ; micro11          ; Red Hat ; 5          ; x86_64         ;
; TimeQuest Timing Analyzer ; micro11          ; Red Hat ; 5          ; x86_64         ;
; EDA Netlist Writer        ; micro11          ; Red Hat ; 5          ; x86_64         ;
+---------------------------+------------------+---------+------------+----------------+


------------
; Flow Log ;
------------
quartus_map --read_settings_files=on --write_settings_files=off snakeplus -c snakeplus
quartus_fit --read_settings_files=off --write_settings_files=off snakeplus -c snakeplus
quartus_asm --read_settings_files=off --write_settings_files=off snakeplus -c snakeplus
quartus_sta snakeplus -c snakeplus
quartus_eda --read_settings_files=off --write_settings_files=off snakeplus -c snakeplus



