Analysis & Synthesis report for snakeplus
Mon Apr 15 16:17:39 2013
Quartus II 32-bit Version 12.1 Build 177 11/07/2012 SJ Full Version


---------------------
; Table of Contents ;
---------------------
  1. Legal Notice
  2. Analysis & Synthesis Summary
  3. Analysis & Synthesis Settings
  4. Parallel Compilation
  5. Analysis & Synthesis Messages



----------------
; Legal Notice ;
----------------
Copyright (C) 1991-2012 Altera Corporation
Your use of Altera Corporation's design tools, logic functions 
and other software and tools, and its AMPP partner logic 
functions, and any output files from any of the foregoing 
(including device programming or simulation files), and any 
associated documentation or information are expressly subject 
to the terms and conditions of the Altera Program License 
Subscription Agreement, Altera MegaCore Function License 
Agreement, or other applicable license agreement, including, 
without limitation, that your use is for the sole purpose of 
programming logic devices manufactured by Altera and sold by 
Altera or its authorized distributors.  Please refer to the 
applicable agreement for further details.



+--------------------------------------------------------------------------------+
; Analysis & Synthesis Summary                                                   ;
+------------------------------------+-------------------------------------------+
; Analysis & Synthesis Status        ; Failed - Mon Apr 15 16:17:38 2013         ;
; Quartus II 32-bit Version          ; 12.1 Build 177 11/07/2012 SJ Full Version ;
; Revision Name                      ; snakeplus                                 ;
; Top-level Entity Name              ; snakeplus                                 ;
; Family                             ; Cyclone II                                ;
; Total logic elements               ; N/A until Partition Merge                 ;
;     Total combinational functions  ; N/A until Partition Merge                 ;
;     Dedicated logic registers      ; N/A until Partition Merge                 ;
; Total registers                    ; N/A until Partition Merge                 ;
; Total pins                         ; N/A until Partition Merge                 ;
; Total virtual pins                 ; N/A until Partition Merge                 ;
; Total memory bits                  ; N/A until Partition Merge                 ;
; Embedded Multiplier 9-bit elements ; N/A until Partition Merge                 ;
; Total PLLs                         ; N/A until Partition Merge                 ;
+------------------------------------+-------------------------------------------+


+----------------------------------------------------------------------------------------------------------------------+
; Analysis & Synthesis Settings                                                                                        ;
+----------------------------------------------------------------------------+--------------------+--------------------+
; Option                                                                     ; Setting            ; Default Value      ;
+----------------------------------------------------------------------------+--------------------+--------------------+
; Device                                                                     ; EP2C35F672C6       ;                    ;
; Top-level entity name                                                      ; snakeplus          ; snakeplus          ;
; Family name                                                                ; Cyclone II         ; Cyclone IV GX      ;
; Use smart compilation                                                      ; Off                ; Off                ;
; Enable parallel Assembler and TimeQuest Timing Analyzer during compilation ; On                 ; On                 ;
; Enable compact report table                                                ; Off                ; Off                ;
; Restructure Multiplexers                                                   ; Auto               ; Auto               ;
; Create Debugging Nodes for IP Cores                                        ; Off                ; Off                ;
; Preserve fewer node names                                                  ; On                 ; On                 ;
; Disable OpenCore Plus hardware evaluation                                  ; Off                ; Off                ;
; Verilog Version                                                            ; Verilog_2001       ; Verilog_2001       ;
; VHDL Version                                                               ; VHDL_1993          ; VHDL_1993          ;
; State Machine Processing                                                   ; Auto               ; Auto               ;
; Safe State Machine                                                         ; Off                ; Off                ;
; Extract Verilog State Machines                                             ; On                 ; On                 ;
; Extract VHDL State Machines                                                ; On                 ; On                 ;
; Ignore Verilog initial constructs                                          ; Off                ; Off                ;
; Iteration limit for constant Verilog loops                                 ; 5000               ; 5000               ;
; Iteration limit for non-constant Verilog loops                             ; 250                ; 250                ;
; Add Pass-Through Logic to Inferred RAMs                                    ; On                 ; On                 ;
; Infer RAMs from Raw Logic                                                  ; On                 ; On                 ;
; Parallel Synthesis                                                         ; On                 ; On                 ;
; DSP Block Balancing                                                        ; Auto               ; Auto               ;
; NOT Gate Push-Back                                                         ; On                 ; On                 ;
; Power-Up Don't Care                                                        ; On                 ; On                 ;
; Remove Redundant Logic Cells                                               ; Off                ; Off                ;
; Remove Duplicate Registers                                                 ; On                 ; On                 ;
; Ignore CARRY Buffers                                                       ; Off                ; Off                ;
; Ignore CASCADE Buffers                                                     ; Off                ; Off                ;
; Ignore GLOBAL Buffers                                                      ; Off                ; Off                ;
; Ignore ROW GLOBAL Buffers                                                  ; Off                ; Off                ;
; Ignore LCELL Buffers                                                       ; Off                ; Off                ;
; Ignore SOFT Buffers                                                        ; On                 ; On                 ;
; Limit AHDL Integers to 32 Bits                                             ; Off                ; Off                ;
; Optimization Technique                                                     ; Balanced           ; Balanced           ;
; Carry Chain Length                                                         ; 70                 ; 70                 ;
; Auto Carry Chains                                                          ; On                 ; On                 ;
; Auto Open-Drain Pins                                                       ; On                 ; On                 ;
; Perform WYSIWYG Primitive Resynthesis                                      ; Off                ; Off                ;
; Auto ROM Replacement                                                       ; On                 ; On                 ;
; Auto RAM Replacement                                                       ; On                 ; On                 ;
; Auto Shift Register Replacement                                            ; Auto               ; Auto               ;
; Allow Shift Register Merging across Hierarchies                            ; Auto               ; Auto               ;
; Auto Clock Enable Replacement                                              ; On                 ; On                 ;
; Strict RAM Replacement                                                     ; Off                ; Off                ;
; Allow Synchronous Control Signals                                          ; On                 ; On                 ;
; Force Use of Synchronous Clear Signals                                     ; Off                ; Off                ;
; Auto RAM to Logic Cell Conversion                                          ; Off                ; Off                ;
; Auto Resource Sharing                                                      ; Off                ; Off                ;
; Allow Any RAM Size For Recognition                                         ; Off                ; Off                ;
; Allow Any ROM Size For Recognition                                         ; Off                ; Off                ;
; Allow Any Shift Register Size For Recognition                              ; Off                ; Off                ;
; Use LogicLock Constraints during Resource Balancing                        ; On                 ; On                 ;
; Ignore translate_off and synthesis_off directives                          ; Off                ; Off                ;
; Timing-Driven Synthesis                                                    ; Off                ; Off                ;
; Report Parameter Settings                                                  ; On                 ; On                 ;
; Report Source Assignments                                                  ; On                 ; On                 ;
; Report Connectivity Checks                                                 ; On                 ; On                 ;
; Ignore Maximum Fan-Out Assignments                                         ; Off                ; Off                ;
; Synchronization Register Chain Length                                      ; 2                  ; 2                  ;
; PowerPlay Power Optimization                                               ; Normal compilation ; Normal compilation ;
; HDL message level                                                          ; Level2             ; Level2             ;
; Suppress Register Optimization Related Messages                            ; Off                ; Off                ;
; Number of Removed Registers Reported in Synthesis Report                   ; 5000               ; 5000               ;
; Number of Swept Nodes Reported in Synthesis Report                         ; 5000               ; 5000               ;
; Number of Inverted Registers Reported in Synthesis Report                  ; 100                ; 100                ;
; Clock MUX Protection                                                       ; On                 ; On                 ;
; Auto Gated Clock Conversion                                                ; Off                ; Off                ;
; Block Design Naming                                                        ; Auto               ; Auto               ;
; SDC constraint protection                                                  ; Off                ; Off                ;
; Synthesis Effort                                                           ; Auto               ; Auto               ;
; Shift Register Replacement - Allow Asynchronous Clear Signal               ; On                 ; On                 ;
; Pre-Mapping Resynthesis Optimization                                       ; Off                ; Off                ;
; Analysis & Synthesis Message Level                                         ; Medium             ; Medium             ;
; Disable Register Merging Across Hierarchies                                ; Auto               ; Auto               ;
; Resource Aware Inference For Block RAM                                     ; On                 ; On                 ;
; Synthesis Seed                                                             ; 1                  ; 1                  ;
+----------------------------------------------------------------------------+--------------------+--------------------+


+------------------------------------------+
; Parallel Compilation                     ;
+----------------------------+-------------+
; Processors                 ; Number      ;
+----------------------------+-------------+
; Number detected on machine ; 2           ;
; Maximum allowed            ; 2           ;
;                            ;             ;
; Average used               ; 1.00        ;
; Maximum used               ; 1           ;
;                            ;             ;
; Usage by Processor         ; % Time Used ;
;     1 processor            ; 100.0%      ;
;     2 processors           ;   0.0%      ;
+----------------------------+-------------+


+-------------------------------+
; Analysis & Synthesis Messages ;
+-------------------------------+
Info: *******************************************************************
Info: Running Quartus II 32-bit Analysis & Synthesis
    Info: Version 12.1 Build 177 11/07/2012 SJ Full Version
    Info: Processing started: Mon Apr 15 16:17:35 2013
Info: Command: quartus_map --read_settings_files=on --write_settings_files=off snakeplus -c snakeplus
Info (20030): Parallel compilation is enabled and will use 2 of the 2 processors detected
Info (12021): Found 6 design units, including 3 entities, in source file de2_vga_controller.vhd
    Info (12022): Found design unit 1: snake_plus_vga-rtl
    Info (12022): Found design unit 2: manage_tiles-mt
    Info (12022): Found design unit 3: add_remove_snake_part-arsp
    Info (12023): Found entity 1: snake_plus_vga
    Info (12023): Found entity 2: manage_tiles
    Info (12023): Found entity 3: add_remove_snake_part
Info (12021): Found 1 design units, including 0 entities, in source file defintions.vhd
    Info (12022): Found design unit 1: DEFINITIONS
Info (12021): Found 2 design units, including 1 entities, in source file de2_vga_raster.vhd
    Info (12022): Found design unit 1: de2_vga_raster-rtl
    Info (12023): Found entity 1: de2_vga_raster
Info (12021): Found 18 design units, including 9 entities, in source file snake_system.vhd
    Info (12022): Found design unit 1: cpu_0_jtag_debug_module_arbitrator-europa
    Info (12022): Found design unit 2: cpu_0_data_master_arbitrator-europa
    Info (12022): Found design unit 3: cpu_0_instruction_master_arbitrator-europa
    Info (12022): Found design unit 4: jtag_uart_0_avalon_jtag_slave_arbitrator-europa
    Info (12022): Found design unit 5: ps2_s1_arbitrator-europa
    Info (12022): Found design unit 6: sram_avalon_slave_0_arbitrator-europa
    Info (12022): Found design unit 7: vga_avalon_slave_0_arbitrator-europa
    Info (12022): Found design unit 8: snake_system_reset_clk_0_domain_synch_module-europa
    Info (12022): Found design unit 9: snake_system-europa
    Info (12023): Found entity 1: cpu_0_jtag_debug_module_arbitrator
    Info (12023): Found entity 2: cpu_0_data_master_arbitrator
    Info (12023): Found entity 3: cpu_0_instruction_master_arbitrator
    Info (12023): Found entity 4: jtag_uart_0_avalon_jtag_slave_arbitrator
    Info (12023): Found entity 5: ps2_s1_arbitrator
    Info (12023): Found entity 6: sram_avalon_slave_0_arbitrator
    Info (12023): Found entity 7: vga_avalon_slave_0_arbitrator
    Info (12023): Found entity 8: snake_system_reset_clk_0_domain_synch_module
    Info (12023): Found entity 9: snake_system
Info (12021): Found 2 design units, including 1 entities, in source file snakeplus.vhd
    Info (12022): Found design unit 1: snakeplus-rtl
    Info (12023): Found entity 1: snakeplus
Error (10482): VHDL error at de2_vga_controller.vhd(98): object "readata" is used but not declared File: /home/user3/spring13/ie2147/Desktop/Git/Snake_Plus/de2_vga_controller.vhd Line: 98
Error: Quartus II 32-bit Analysis & Synthesis was unsuccessful. 1 error, 0 warnings
    Error: Peak virtual memory: 350 megabytes
    Error: Processing ended: Mon Apr 15 16:17:39 2013
    Error: Elapsed time: 00:00:04
    Error: Total CPU time (on all processors): 00:00:03


